<?xml version="1.0" encoding="UTF-8" ?>
<testsuite tests="1" failures="0" name="wns.chats.integration.java.ChatTest2" time="0.012" errors="0" skipped="1">
  <properties>
    <property name="java.runtime.name" value="Java(TM) SE Runtime Environment"/>
    <property name="sun.boot.library.path" value="C:\Program Files (x86)\Java\jdk1.8.0_20\jre\bin"/>
    <property name="java.vm.version" value="25.20-b23"/>
    <property name="java.vm.vendor" value="Oracle Corporation"/>
    <property name="java.vendor.url" value="http://java.oracle.com/"/>
    <property name="path.separator" value=";"/>
    <property name="vertx.mods" value="target/mods"/>
    <property name="java.vm.name" value="Java HotSpot(TM) Client VM"/>
    <property name="file.encoding.pkg" value="sun.io"/>
    <property name="user.script" value=""/>
    <property name="user.country" value="CN"/>
    <property name="sun.java.launcher" value="SUN_STANDARD"/>
    <property name="sun.os.patch.level" value=""/>
    <property name="java.vm.specification.name" value="Java Virtual Machine Specification"/>
    <property name="user.dir" value="D:\git3\vls_chat_service"/>
    <property name="java.runtime.version" value="1.8.0_20-b26"/>
    <property name="java.awt.graphicsenv" value="sun.awt.Win32GraphicsEnvironment"/>
    <property name="basedir" value="D:\git3\vls_chat_service"/>
    <property name="java.endorsed.dirs" value="C:\Program Files (x86)\Java\jdk1.8.0_20\jre\lib\endorsed"/>
    <property name="os.arch" value="x86"/>
    <property name="surefire.real.class.path" value="D:\git3\vls_chat_service\target\surefire\surefirebooter2812264265183237481.jar"/>
    <property name="java.io.tmpdir" value="C:\Users\NENGZH~1\AppData\Local\Temp\"/>
    <property name="line.separator" value="
"/>
    <property name="java.vm.specification.vendor" value="Oracle Corporation"/>
    <property name="user.variant" value=""/>
    <property name="os.name" value="Windows 8.1"/>
    <property name="sun.jnu.encoding" value="GBK"/>
    <property name="java.library.path" value="C:\Program Files (x86)\Java\jdk1.8.0_20\jre\bin;C:\Windows\Sun\Java\bin;C:\Windows\system32;C:\Windows;C:/Program Files/Java/jre1.8.0_20/bin/server;C:/Program Files/Java/jre1.8.0_20/bin;C:/Program Files/Java/jre1.8.0_20/lib/amd64;C:\Program Files (x86)\Java\jdk1.8.0_20;C:\Windows\system32;C:\Windows;C:\Windows\System32\Wbem;C:\Windows\System32\WindowsPowerShell\v1.0\;D:\software\apache-maven-3.2.3\bin;D:\software\gradle-2.1\bin;D:\work\source\vert.x-2.1.2\bin;JAVA_HOME;D:\software\eclipse-jee-luna-R-1403756739413\eclipse;;."/>
    <property name="surefire.test.class.path" value="D:\git3\vls_chat_service\target\test-classes;D:\git3\vls_chat_service\target\classes;C:\Users\nengzhizhi\.m2\repository\com\google\guava\guava\17.0\guava-17.0.jar;C:\Users\nengzhizhi\.m2\repository\commons-codec\commons-codec\1.7\commons-codec-1.7.jar;C:\Users\nengzhizhi\.m2\repository\com\google\code\findbugs\jsr305\2.0.1\jsr305-2.0.1.jar;C:\Users\nengzhizhi\.m2\repository\io\vertx\vertx-core\2.1M1\vertx-core-2.1M1.jar;C:\Users\nengzhizhi\.m2\repository\org\slf4j\slf4j-api\1.6.2\slf4j-api-1.6.2.jar;C:\Users\nengzhizhi\.m2\repository\com\fasterxml\jackson\core\jackson-databind\2.2.2\jackson-databind-2.2.2.jar;C:\Users\nengzhizhi\.m2\repository\com\fasterxml\jackson\core\jackson-annotations\2.2.2\jackson-annotations-2.2.2.jar;C:\Users\nengzhizhi\.m2\repository\com\fasterxml\jackson\core\jackson-core\2.2.2\jackson-core-2.2.2.jar;C:\Users\nengzhizhi\.m2\repository\io\netty\netty-all\4.0.11.Final\netty-all-4.0.11.Final.jar;C:\Users\nengzhizhi\.m2\repository\io\vertx\vertx-platform\2.1M1\vertx-platform-2.1M1.jar;C:\Users\nengzhizhi\.m2\repository\io\vertx\vertx-hazelcast\2.1M1\vertx-hazelcast-2.1M1.jar;C:\Users\nengzhizhi\.m2\repository\com\hazelcast\hazelcast\2.6.3\hazelcast-2.6.3.jar;C:\Users\nengzhizhi\.m2\repository\junit\junit\4.11\junit-4.11.jar;C:\Users\nengzhizhi\.m2\repository\org\hamcrest\hamcrest-core\1.3\hamcrest-core-1.3.jar;C:\Users\nengzhizhi\.m2\repository\io\vertx\testtools\2.0.2-final\testtools-2.0.2-final.jar;C:\Users\nengzhizhi\.m2\repository\org\apache\directory\server\apacheds-protocol-dns\1.5.7\apacheds-protocol-dns-1.5.7.jar;C:\Users\nengzhizhi\.m2\repository\org\apache\directory\server\apacheds-i18n\1.5.7\apacheds-i18n-1.5.7.jar;C:\Users\nengzhizhi\.m2\repository\org\apache\directory\server\apacheds-core-jndi\1.5.7\apacheds-core-jndi-1.5.7.jar;C:\Users\nengzhizhi\.m2\repository\org\apache\directory\server\apacheds-core\1.5.7\apacheds-core-1.5.7.jar;C:\Users\nengzhizhi\.m2\repository\org\apache\directory\server\apacheds-core-api\1.5.7\apacheds-core-api-1.5.7.jar;C:\Users\nengzhizhi\.m2\repository\org\apache\directory\server\apacheds-core-entry\1.5.7\apacheds-core-entry-1.5.7.jar;C:\Users\nengzhizhi\.m2\repository\org\apache\directory\server\apacheds-core-constants\1.5.7\apacheds-core-constants-1.5.7.jar;C:\Users\nengzhizhi\.m2\repository\org\apache\directory\server\apacheds-utils\1.5.7\apacheds-utils-1.5.7.jar;C:\Users\nengzhizhi\.m2\repository\bouncycastle\bcprov-jdk15\140\bcprov-jdk15-140.jar;C:\Users\nengzhizhi\.m2\repository\org\apache\directory\server\apacheds-protocol-shared\1.5.7\apacheds-protocol-shared-1.5.7.jar;C:\Users\nengzhizhi\.m2\repository\org\apache\mina\mina-core\2.0.0-RC1\mina-core-2.0.0-RC1.jar;C:\Users\nengzhizhi\.m2\repository\org\apache\directory\shared\shared-ldap\0.9.19\shared-ldap-0.9.19.jar;C:\Users\nengzhizhi\.m2\repository\commons-lang\commons-lang\2.4\commons-lang-2.4.jar;C:\Users\nengzhizhi\.m2\repository\commons-collections\commons-collections\3.2.1\commons-collections-3.2.1.jar;C:\Users\nengzhizhi\.m2\repository\org\apache\directory\shared\shared-i18n\0.9.19\shared-i18n-0.9.19.jar;C:\Users\nengzhizhi\.m2\repository\antlr\antlr\2.7.7\antlr-2.7.7.jar;C:\Users\nengzhizhi\.m2\repository\org\apache\directory\shared\shared-ldap-schema\0.9.19\shared-ldap-schema-0.9.19.jar;C:\Users\nengzhizhi\.m2\repository\org\apache\directory\shared\shared-ldap-schema-loader\0.9.19\shared-ldap-schema-loader-0.9.19.jar;C:\Users\nengzhizhi\.m2\repository\org\apache\directory\shared\shared-ldap-schema-manager\0.9.19\shared-ldap-schema-manager-0.9.19.jar;C:\Users\nengzhizhi\.m2\repository\org\apache\directory\shared\shared-cursor\0.9.19\shared-cursor-0.9.19.jar;C:\Users\nengzhizhi\.m2\repository\org\apache\directory\shared\shared-ldap-jndi\0.9.19\shared-ldap-jndi-0.9.19.jar;C:\Users\nengzhizhi\.m2\repository\org\apache\directory\shared\shared-asn1-codec\0.9.19\shared-asn1-codec-0.9.19.jar;C:\Users\nengzhizhi\.m2\repository\org\apache\directory\shared\shared-asn1\0.9.19\shared-asn1-0.9.19.jar;C:\Users\nengzhizhi\.m2\repository\org\apache\directory\shared\shared-ldap-constants\0.9.19\shared-ldap-constants-0.9.19.jar;C:\Users\nengzhizhi\.m2\repository\org\apache\directory\shared\shared-ldap-converter\0.9.19\shared-ldap-converter-0.9.19.jar;C:\Users\nengzhizhi\.m2\repository\org\apache\directory\shared\shared-ldap-schema-dao\0.9.19\shared-ldap-schema-dao-0.9.19.jar;C:\Users\nengzhizhi\.m2\repository\org\apache\directory\shared\shared-ldif\0.9.19\shared-ldif-0.9.19.jar;C:\Users\nengzhizhi\.m2\repository\org\apache\directory\shared\shared-dsml-parser\0.9.19\shared-dsml-parser-0.9.19.jar;C:\Users\nengzhizhi\.m2\repository\dom4j\dom4j\1.6.1\dom4j-1.6.1.jar;C:\Users\nengzhizhi\.m2\repository\xml-apis\xml-apis\1.0.b2\xml-apis-1.0.b2.jar;C:\Users\nengzhizhi\.m2\repository\xpp3\xpp3\1.1.4c\xpp3-1.1.4c.jar;C:\Users\nengzhizhi\.m2\repository\joda-time\joda-time\2.1\joda-time-2.1.jar;C:\Users\nengzhizhi\.m2\repository\log4j\log4j\1.2.16\log4j-1.2.16.jar;C:\Users\nengzhizhi\.m2\repository\org\mongodb\mongo-java-driver\2.11.3\mongo-java-driver-2.11.3.jar;"/>
    <property name="java.specification.name" value="Java Platform API Specification"/>
    <property name="java.class.version" value="52.0"/>
    <property name="sun.management.compiler" value="HotSpot Client Compiler"/>
    <property name="os.version" value="6.3"/>
    <property name="user.home" value="C:\Users\nengzhizhi"/>
    <property name="user.timezone" value="Asia/Shanghai"/>
    <property name="java.awt.printerjob" value="sun.awt.windows.WPrinterJob"/>
    <property name="java.specification.version" value="1.8"/>
    <property name="file.encoding" value="GBK"/>
    <property name="user.name" value="nengzhizhi"/>
    <property name="java.class.path" value="D:\git3\vls_chat_service\target\test-classes;D:\git3\vls_chat_service\target\classes;C:\Users\nengzhizhi\.m2\repository\com\google\guava\guava\17.0\guava-17.0.jar;C:\Users\nengzhizhi\.m2\repository\commons-codec\commons-codec\1.7\commons-codec-1.7.jar;C:\Users\nengzhizhi\.m2\repository\com\google\code\findbugs\jsr305\2.0.1\jsr305-2.0.1.jar;C:\Users\nengzhizhi\.m2\repository\io\vertx\vertx-core\2.1M1\vertx-core-2.1M1.jar;C:\Users\nengzhizhi\.m2\repository\org\slf4j\slf4j-api\1.6.2\slf4j-api-1.6.2.jar;C:\Users\nengzhizhi\.m2\repository\com\fasterxml\jackson\core\jackson-databind\2.2.2\jackson-databind-2.2.2.jar;C:\Users\nengzhizhi\.m2\repository\com\fasterxml\jackson\core\jackson-annotations\2.2.2\jackson-annotations-2.2.2.jar;C:\Users\nengzhizhi\.m2\repository\com\fasterxml\jackson\core\jackson-core\2.2.2\jackson-core-2.2.2.jar;C:\Users\nengzhizhi\.m2\repository\io\netty\netty-all\4.0.11.Final\netty-all-4.0.11.Final.jar;C:\Users\nengzhizhi\.m2\repository\io\vertx\vertx-platform\2.1M1\vertx-platform-2.1M1.jar;C:\Users\nengzhizhi\.m2\repository\io\vertx\vertx-hazelcast\2.1M1\vertx-hazelcast-2.1M1.jar;C:\Users\nengzhizhi\.m2\repository\com\hazelcast\hazelcast\2.6.3\hazelcast-2.6.3.jar;C:\Users\nengzhizhi\.m2\repository\junit\junit\4.11\junit-4.11.jar;C:\Users\nengzhizhi\.m2\repository\org\hamcrest\hamcrest-core\1.3\hamcrest-core-1.3.jar;C:\Users\nengzhizhi\.m2\repository\io\vertx\testtools\2.0.2-final\testtools-2.0.2-final.jar;C:\Users\nengzhizhi\.m2\repository\org\apache\directory\server\apacheds-protocol-dns\1.5.7\apacheds-protocol-dns-1.5.7.jar;C:\Users\nengzhizhi\.m2\repository\org\apache\directory\server\apacheds-i18n\1.5.7\apacheds-i18n-1.5.7.jar;C:\Users\nengzhizhi\.m2\repository\org\apache\directory\server\apacheds-core-jndi\1.5.7\apacheds-core-jndi-1.5.7.jar;C:\Users\nengzhizhi\.m2\repository\org\apache\directory\server\apacheds-core\1.5.7\apacheds-core-1.5.7.jar;C:\Users\nengzhizhi\.m2\repository\org\apache\directory\server\apacheds-core-api\1.5.7\apacheds-core-api-1.5.7.jar;C:\Users\nengzhizhi\.m2\repository\org\apache\directory\server\apacheds-core-entry\1.5.7\apacheds-core-entry-1.5.7.jar;C:\Users\nengzhizhi\.m2\repository\org\apache\directory\server\apacheds-core-constants\1.5.7\apacheds-core-constants-1.5.7.jar;C:\Users\nengzhizhi\.m2\repository\org\apache\directory\server\apacheds-utils\1.5.7\apacheds-utils-1.5.7.jar;C:\Users\nengzhizhi\.m2\repository\bouncycastle\bcprov-jdk15\140\bcprov-jdk15-140.jar;C:\Users\nengzhizhi\.m2\repository\org\apache\directory\server\apacheds-protocol-shared\1.5.7\apacheds-protocol-shared-1.5.7.jar;C:\Users\nengzhizhi\.m2\repository\org\apache\mina\mina-core\2.0.0-RC1\mina-core-2.0.0-RC1.jar;C:\Users\nengzhizhi\.m2\repository\org\apache\directory\shared\shared-ldap\0.9.19\shared-ldap-0.9.19.jar;C:\Users\nengzhizhi\.m2\repository\commons-lang\commons-lang\2.4\commons-lang-2.4.jar;C:\Users\nengzhizhi\.m2\repository\commons-collections\commons-collections\3.2.1\commons-collections-3.2.1.jar;C:\Users\nengzhizhi\.m2\repository\org\apache\directory\shared\shared-i18n\0.9.19\shared-i18n-0.9.19.jar;C:\Users\nengzhizhi\.m2\repository\antlr\antlr\2.7.7\antlr-2.7.7.jar;C:\Users\nengzhizhi\.m2\repository\org\apache\directory\shared\shared-ldap-schema\0.9.19\shared-ldap-schema-0.9.19.jar;C:\Users\nengzhizhi\.m2\repository\org\apache\directory\shared\shared-ldap-schema-loader\0.9.19\shared-ldap-schema-loader-0.9.19.jar;C:\Users\nengzhizhi\.m2\repository\org\apache\directory\shared\shared-ldap-schema-manager\0.9.19\shared-ldap-schema-manager-0.9.19.jar;C:\Users\nengzhizhi\.m2\repository\org\apache\directory\shared\shared-cursor\0.9.19\shared-cursor-0.9.19.jar;C:\Users\nengzhizhi\.m2\repository\org\apache\directory\shared\shared-ldap-jndi\0.9.19\shared-ldap-jndi-0.9.19.jar;C:\Users\nengzhizhi\.m2\repository\org\apache\directory\shared\shared-asn1-codec\0.9.19\shared-asn1-codec-0.9.19.jar;C:\Users\nengzhizhi\.m2\repository\org\apache\directory\shared\shared-asn1\0.9.19\shared-asn1-0.9.19.jar;C:\Users\nengzhizhi\.m2\repository\org\apache\directory\shared\shared-ldap-constants\0.9.19\shared-ldap-constants-0.9.19.jar;C:\Users\nengzhizhi\.m2\repository\org\apache\directory\shared\shared-ldap-converter\0.9.19\shared-ldap-converter-0.9.19.jar;C:\Users\nengzhizhi\.m2\repository\org\apache\directory\shared\shared-ldap-schema-dao\0.9.19\shared-ldap-schema-dao-0.9.19.jar;C:\Users\nengzhizhi\.m2\repository\org\apache\directory\shared\shared-ldif\0.9.19\shared-ldif-0.9.19.jar;C:\Users\nengzhizhi\.m2\repository\org\apache\directory\shared\shared-dsml-parser\0.9.19\shared-dsml-parser-0.9.19.jar;C:\Users\nengzhizhi\.m2\repository\dom4j\dom4j\1.6.1\dom4j-1.6.1.jar;C:\Users\nengzhizhi\.m2\repository\xml-apis\xml-apis\1.0.b2\xml-apis-1.0.b2.jar;C:\Users\nengzhizhi\.m2\repository\xpp3\xpp3\1.1.4c\xpp3-1.1.4c.jar;C:\Users\nengzhizhi\.m2\repository\joda-time\joda-time\2.1\joda-time-2.1.jar;C:\Users\nengzhizhi\.m2\repository\log4j\log4j\1.2.16\log4j-1.2.16.jar;C:\Users\nengzhizhi\.m2\repository\org\mongodb\mongo-java-driver\2.11.3\mongo-java-driver-2.11.3.jar;"/>
    <property name="java.vm.specification.version" value="1.8"/>
    <property name="sun.arch.data.model" value="32"/>
    <property name="java.home" value="C:\Program Files (x86)\Java\jdk1.8.0_20\jre"/>
    <property name="sun.java.command" value="D:\git3\vls_chat_service\target\surefire\surefirebooter2812264265183237481.jar D:\git3\vls_chat_service\target\surefire\surefire25548988424121080tmp D:\git3\vls_chat_service\target\surefire\surefire7269772585919926365tmp"/>
    <property name="java.specification.vendor" value="Oracle Corporation"/>
    <property name="user.language" value="zh"/>
    <property name="awt.toolkit" value="sun.awt.windows.WToolkit"/>
    <property name="java.vm.info" value="mixed mode, sharing"/>
    <property name="java.version" value="1.8.0_20"/>
    <property name="java.ext.dirs" value="C:\Program Files (x86)\Java\jdk1.8.0_20\jre\lib\ext;C:\Windows\Sun\Java\lib\ext"/>
    <property name="sun.boot.class.path" value="C:\Program Files (x86)\Java\jdk1.8.0_20\jre\lib\resources.jar;C:\Program Files (x86)\Java\jdk1.8.0_20\jre\lib\rt.jar;C:\Program Files (x86)\Java\jdk1.8.0_20\jre\lib\sunrsasign.jar;C:\Program Files (x86)\Java\jdk1.8.0_20\jre\lib\jsse.jar;C:\Program Files (x86)\Java\jdk1.8.0_20\jre\lib\jce.jar;C:\Program Files (x86)\Java\jdk1.8.0_20\jre\lib\charsets.jar;C:\Program Files (x86)\Java\jdk1.8.0_20\jre\lib\jfr.jar;C:\Program Files (x86)\Java\jdk1.8.0_20\jre\classes"/>
    <property name="java.vendor" value="Oracle Corporation"/>
    <property name="localRepository" value="C:\Users\nengzhizhi\.m2\repository"/>
    <property name="file.separator" value="\"/>
    <property name="java.vendor.url.bug" value="http://bugreport.sun.com/bugreport/"/>
    <property name="sun.cpu.endian" value="little"/>
    <property name="sun.io.unicode.encoding" value="UnicodeLittle"/>
    <property name="sun.desktop" value="windows"/>
    <property name="sun.cpu.isalist" value="pentium_pro+mmx pentium_pro pentium+mmx pentium i486 i386 i86"/>
  </properties>
  <testcase classname="wns.chats.integration.java.ChatTest2" name="wns.chats.integration.java.ChatTest2" time="0">
    <skipped/>
  </testcase>
</testsuite>